  main.cpp
  GLM: rotate function taking degrees as a parameter is deprecated. #define GLM_FORCE_RADIANS before including GLM headers to remove this message.
  GLM: rotate_slow function taking degrees as a parameter is deprecated. #define GLM_FORCE_RADIANS before including GLM headers to remove this message.
  GLM: perspective function taking degrees as a parameter is deprecated. #define GLM_FORCE_RADIANS before including GLM headers to remove this message.
  GLM: perspectiveFov function taking degrees as a parameter is deprecated. #define GLM_FORCE_RADIANS before including GLM headers to remove this message.
  GLM: infinitePerspective function taking degrees as a parameter is deprecated. #define GLM_FORCE_RADIANS before including GLM headers to remove this message.
  GLM: tweakedInfinitePerspective function taking degrees as a parameter is deprecated. #define GLM_FORCE_RADIANS before including GLM headers to remove this message.
  GLM: rotate function taking degrees as a parameter is deprecated. #define GLM_FORCE_RADIANS before including GLM headers to remove this message.
  GLM: roll function returning degrees is deprecated. #define GLM_FORCE_RADIANS before including GLM headers to remove this message.
  GLM: pitch function returning degrees is deprecated. #define GLM_FORCE_RADIANS before including GLM headers to remove this message.
  GLM: yaw function returning degrees is deprecated. #define GLM_FORCE_RADIANS before including GLM headers to remove this message.
  GLM: angle function returning degrees is deprecated. #define GLM_FORCE_RADIANS before including GLM headers to remove this message.
  GLM: angleAxis function taking degrees as a parameter is deprecated. #define GLM_FORCE_RADIANS before including GLM headers to remove this message.
D:\Study\MashGraph\MashGraphMain\MashGraphMain\main.cpp(50,26): warning C4305: инициализация: усечение из "double" в "GLfloat"
D:\Study\MashGraph\MashGraphMain\MashGraphMain\main.cpp(513,28): warning C4305: инициализация: усечение из "double" в "GLfloat"
D:\Study\MashGraph\MashGraphMain\MashGraphMain\main.cpp(604,23): warning C4244: =: преобразование "double" в "GLfloat", возможна потеря данных
D:\Study\MashGraph\MashGraphMain\MashGraphMain\main.cpp(605,23): warning C4244: =: преобразование "double" в "GLfloat", возможна потеря данных
D:\Study\MashGraph\MashGraphMain\MashGraphMain\main.cpp(609,21): warning C4244: инициализация: преобразование "double" в "GLfloat", возможна потеря данных
D:\Study\MashGraph\MashGraphMain\MashGraphMain\main.cpp(610,21): warning C4244: инициализация: преобразование "double" в "GLfloat", возможна потеря данных
D:\Study\MashGraph\MashGraphMain\MashGraphMain\main.cpp(611,19): warning C4244: =: преобразование "double" в "GLfloat", возможна потеря данных
D:\Study\MashGraph\MashGraphMain\MashGraphMain\main.cpp(612,19): warning C4244: =: преобразование "double" в "GLfloat", возможна потеря данных
D:\Study\MashGraph\MashGraphMain\MashGraphMain\main.cpp(621,31): warning C4244: аргумент: преобразование "double" в "GLfloat", возможна потеря данных
D:\Study\MashGraph\MashGraphMain\MashGraphMain\main.cpp(637,26): warning C4244: инициализация: преобразование "double" в "GLfloat", возможна потеря данных
  GLM: perspective function taking degrees as a parameter is deprecated. #define GLM_FORCE_RADIANS before including GLM headers to remove this message.
  GLM: rotate function taking degrees as a parameter is deprecated. #define GLM_FORCE_RADIANS before including GLM headers to remove this message.
  MashGraphMain.vcxproj -> D:\Study\MashGraph\MashGraphMain\MashGraphMain\Debug\MashGraphMain.exe
